#
# There is insufficient memory for the Java Runtime Environment to continue.
# Native memory allocation (mmap) failed to map 260046848 bytes for G1 virtual space
# Possible reasons:
#   The system is out of physical RAM or swap space
#   The process is running with CompressedOops enabled, and the Java Heap may be blocking the growth of the native heap
# Possible solutions:
#   Reduce memory load on the system
#   Increase physical memory or swap space
#   Check if swap backing store is full
#   Decrease Java heap size (-Xmx/-Xms)
#   Decrease number of Java threads
#   Decrease Java thread stack sizes (-Xss)
#   Set larger code cache with -XX:ReservedCodeCacheSize=
#   JVM is running with Zero Based Compressed Oops mode in which the Java heap is
#     placed in the first 32GB address space. The Java Heap base address is the
#     maximum limit for the native heap growth. Please use -XX:HeapBaseMinAddress
#     to set the Java Heap base and to place the Java Heap above 32GB virtual address.
# This output file may be truncated or incomplete.
#
#  Out of Memory Error (os_windows.cpp:3771), pid=23920, tid=11984
#
# JRE version:  (17.0.7) (build )
# Java VM: OpenJDK 64-Bit Server VM (17.0.7+0-b2043.56-10550314, mixed mode, sharing, tiered, compressed oops, compressed class ptrs, g1 gc, windows-amd64)
# No core dump will be written. Minidumps are not enabled by default on client versions of Windows
#

---------------  S U M M A R Y ------------

Command Line: git4idea.http.GitAskPassApp Username for 'https://github.com': 

Host: AMD Ryzen 5 4600H with Radeon Graphics         , 12 cores, 15G,  Windows 11 , 64 bit Build 22621 (10.0.22621.2506)
Time: Mon Jan  8 23:58:13 2024 SE Asia Standard Time elapsed time: 0.007654 seconds (0d 0h 0m 0s)

---------------  T H R E A D  ---------------

Current thread (0x000002bef6f09740):  JavaThread "Unknown thread" [_thread_in_vm, id=11984, stack(0x000000c310300000,0x000000c310400000)]

Stack: [0x000000c310300000,0x000000c310400000]
Native frames: (J=compiled Java code, j=interpreted, Vv=VM code, C=native code)
V  [jvm.dll+0x683bfa]
V  [jvm.dll+0x8430a4]
V  [jvm.dll+0x8449be]
V  [jvm.dll+0x845023]
V  [jvm.dll+0x24ad2f]
V  [jvm.dll+0x680ac9]
V  [jvm.dll+0x67519a]
V  [jvm.dll+0x30b3cb]
V  [jvm.dll+0x312876]
V  [jvm.dll+0x36221e]
V  [jvm.dll+0x36244f]
V  [jvm.dll+0x2e14a8]
V  [jvm.dll+0x2e2414]
V  [jvm.dll+0x814391]
V  [jvm.dll+0x36ffe1]
V  [jvm.dll+0x7f396c]
V  [jvm.dll+0x3f305f]
V  [jvm.dll+0x3f4b91]
C  [jli.dll+0x528f]
C  [ucrtbase.dll+0x29363]
C  [KERNEL32.DLL+0x1257d]
C  [ntdll.dll+0x5aa58]


---------------  P R O C E S S  ---------------

Threads class SMR info:
_java_thread_list=0x00007ff916d3d098, length=0, elements={
}

Java Threads: ( => current thread )

Other Threads:
  0x000002bef6f74080 GCTaskThread "GC Thread#0" [stack: 0x000000c310400000,0x000000c310500000] [id=1508]
  0x000002bef6f86550 ConcurrentGCThread "G1 Main Marker" [stack: 0x000000c310500000,0x000000c310600000] [id=14308]
  0x000002bef6f86e60 ConcurrentGCThread "G1 Conc#0" [stack: 0x000000c310600000,0x000000c310700000] [id=19668]

[error occurred during error reporting (printing all threads), id 0xc0000005, EXCEPTION_ACCESS_VIOLATION (0xc0000005) at pc=0x00007ff9164f2087]

VM state: not at safepoint (not fully initialized)

VM Mutex/Monitor currently owned by a thread:  ([mutex/lock_event])
[0x000002bef6f03a80] Heap_lock - owner thread: 0x000002bef6f09740

Heap address: 0x0000000709800000, size: 3944 MB, Compressed Oops mode: Zero based, Oop shift amount: 3

CDS archive(s) mapped at: [0x0000000000000000-0x0000000000000000-0x0000000000000000), size 0, SharedBaseAddress: 0x0000000800000000, ArchiveRelocationMode: 0.
Narrow klass base: 0x0000000000000000, Narrow klass shift: 0, Narrow klass range: 0x0

GC Precious Log:
<Empty>

Heap:
 garbage-first heap   total 0K, used 0K [0x0000000709800000, 0x0000000800000000)
  region size 2048K, 0 young (0K), 0 survivors (0K)
 Metaspace       used 0K, committed 0K, reserved 0K
  class space    used 0K, committed 0K, reserved 0K

Heap Regions: E=young(eden), S=young(survivor), O=old, HS=humongous(starts), HC=humongous(continues), CS=collection set, F=free, OA=open archive, CA=closed archive, TAMS=top-at-mark-start (previous, next)

Card table byte_map: [0x000002befb0f0000,0x000002befb8b0000] _byte_map_base: 0x000002bef78a4000

Marking Bits (Prev, Next): (CMBitMap*) 0x000002bef6f765a0, (CMBitMap*) 0x000002bef6f765e0
 Prev Bits: [0x000002befc070000, 0x000002beffe10000)
 Next Bits: [0x000002be8f000000, 0x000002be92da0000)

GC Heap History (0 events):
No events

Dll operation events (1 events):
Event: 0.005 Loaded shared library D:\Android\jbr\bin\java.dll

Deoptimization events (0 events):
No events

Classes unloaded (0 events):
No events

Classes redefined (0 events):
No events

Internal exceptions (0 events):
No events

VM Operations (0 events):
No events

Events (0 events):
No events


Dynamic libraries:
0x00007ff7fd6f0000 - 0x00007ff7fd6fa000 	D:\Android\jbr\bin\java.exe
0x00007ff988e70000 - 0x00007ff989087000 	C:\WINDOWS\SYSTEM32\ntdll.dll
0x00007ff988090000 - 0x00007ff988154000 	C:\WINDOWS\System32\KERNEL32.DLL
0x00007ff986680000 - 0x00007ff986a26000 	C:\WINDOWS\System32\KERNELBASE.dll
0x00007ff9864a0000 - 0x00007ff9865b1000 	C:\WINDOWS\System32\ucrtbase.dll
0x00007ff9776c0000 - 0x00007ff9776db000 	D:\Android\jbr\bin\VCRUNTIME140.dll
0x00007ff976db0000 - 0x00007ff976dc7000 	D:\Android\jbr\bin\jli.dll
0x00007ff988220000 - 0x00007ff9883ce000 	C:\WINDOWS\System32\USER32.dll
0x00007ff986350000 - 0x00007ff986376000 	C:\WINDOWS\System32\win32u.dll
0x00007ff96d570000 - 0x00007ff96d803000 	C:\WINDOWS\WinSxS\amd64_microsoft.windows.common-controls_6595b64144ccf1df_6.0.22621.2506_none_270c5ae97388e100\COMCTL32.dll
0x00007ff987f20000 - 0x00007ff987f49000 	C:\WINDOWS\System32\GDI32.dll
0x00007ff987e70000 - 0x00007ff987f17000 	C:\WINDOWS\System32\msvcrt.dll
0x00007ff986380000 - 0x00007ff986498000 	C:\WINDOWS\System32\gdi32full.dll
0x00007ff986ab0000 - 0x00007ff986b4a000 	C:\WINDOWS\System32\msvcp_win.dll
0x00007ff988c30000 - 0x00007ff988c61000 	C:\WINDOWS\System32\IMM32.DLL
0x00007ff976600000 - 0x00007ff97660c000 	D:\Android\jbr\bin\vcruntime140_1.dll
0x00007ff95aef0000 - 0x00007ff95af7d000 	D:\Android\jbr\bin\msvcp140.dll
0x00007ff916200000 - 0x00007ff916e80000 	D:\Android\jbr\bin\server\jvm.dll
0x00007ff988160000 - 0x00007ff988211000 	C:\WINDOWS\System32\ADVAPI32.dll
0x00007ff987f50000 - 0x00007ff987ff5000 	C:\WINDOWS\System32\sechost.dll
0x00007ff986db0000 - 0x00007ff986ec7000 	C:\WINDOWS\System32\RPCRT4.dll
0x00007ff97da00000 - 0x00007ff97da34000 	C:\WINDOWS\SYSTEM32\WINMM.dll
0x00007ff9835e0000 - 0x00007ff9835e9000 	C:\WINDOWS\SYSTEM32\WSOCK32.dll
0x00007ff97df50000 - 0x00007ff97df5a000 	C:\WINDOWS\SYSTEM32\VERSION.dll
0x00007ff987200000 - 0x00007ff987271000 	C:\WINDOWS\System32\WS2_32.dll
0x00007ff9851e0000 - 0x00007ff9851f8000 	C:\WINDOWS\SYSTEM32\kernel.appcore.dll
0x00007ff983570000 - 0x00007ff98357a000 	D:\Android\jbr\bin\jimage.dll
0x00007ff97cca0000 - 0x00007ff97ced3000 	C:\WINDOWS\SYSTEM32\DBGHELP.DLL
0x00007ff987280000 - 0x00007ff987609000 	C:\WINDOWS\System32\combase.dll
0x00007ff988610000 - 0x00007ff9886e7000 	C:\WINDOWS\System32\OLEAUT32.dll
0x00007ff96afc0000 - 0x00007ff96aff2000 	C:\WINDOWS\SYSTEM32\dbgcore.DLL
0x00007ff986a30000 - 0x00007ff986aaa000 	C:\WINDOWS\System32\bcryptPrimitives.dll
0x00007ff9787d0000 - 0x00007ff9787f5000 	D:\Android\jbr\bin\java.dll

dbghelp: loaded successfully - version: 4.0.5 - missing functions: none
symbol engine: initialized successfully - sym options: 0x614 - pdb path: .;D:\Android\jbr\bin;C:\WINDOWS\SYSTEM32;C:\WINDOWS\WinSxS\amd64_microsoft.windows.common-controls_6595b64144ccf1df_6.0.22621.2506_none_270c5ae97388e100;D:\Android\jbr\bin\server

VM Arguments:
java_command: git4idea.http.GitAskPassApp Username for 'https://github.com': 
java_class_path (initial): D:/Android/plugins/vcs-git/lib/git4idea-rt.jar;D:/Android/lib/externalProcess-rt.jar
Launcher Type: SUN_STANDARD

[Global flags]
     intx CICompilerCount                          = 4                                         {product} {ergonomic}
     uint ConcGCThreads                            = 3                                         {product} {ergonomic}
     uint G1ConcRefinementThreads                  = 10                                        {product} {ergonomic}
   size_t G1HeapRegionSize                         = 2097152                                   {product} {ergonomic}
    uintx GCDrainStackTargetSize                   = 64                                        {product} {ergonomic}
   size_t InitialHeapSize                          = 260046848                                 {product} {ergonomic}
   size_t MarkStackSize                            = 4194304                                   {product} {ergonomic}
   size_t MaxHeapSize                              = 4135583744                                {product} {ergonomic}
   size_t MinHeapDeltaBytes                        = 2097152                                   {product} {ergonomic}
   size_t MinHeapSize                              = 8388608                                   {product} {ergonomic}
    uintx NonNMethodCodeHeapSize                   = 5839372                                {pd product} {ergonomic}
    uintx NonProfiledCodeHeapSize                  = 122909434                              {pd product} {ergonomic}
    uintx ProfiledCodeHeapSize                     = 122909434                              {pd product} {ergonomic}
    uintx ReservedCodeCacheSize                    = 251658240                              {pd product} {ergonomic}
     bool SegmentedCodeCache                       = true                                      {product} {ergonomic}
   size_t SoftMaxHeapSize                          = 4135583744                             {manageable} {ergonomic}
     bool UseCompressedClassPointers               = true                           {product lp64_product} {ergonomic}
     bool UseCompressedOops                        = true                           {product lp64_product} {ergonomic}
     bool UseG1GC                                  = true                                      {product} {ergonomic}
     bool UseLargePagesIndividualAllocation        = false                                  {pd product} {ergonomic}

Logging:
Log output configuration:
 #0: stdout all=warning uptime,level,tags
 #1: stderr all=off uptime,level,tags

Environment Variables:
PATH=C:\Program Files\Git\mingw64\libexec\git-core;C:\Program Files\Git\mingw64\libexec\git-core;C:\Program Files\Git\mingw64\bin;C:\Program Files\Git\usr\bin;C:\Users\DongTrieu\bin;C:\Program Files\Common Files\Oracle\Java\javapath;C:\Program Files (x86)\Common Files\Oracle\Java\javapath;C:\ProgramData\Oracle\Java\javapath;C:\WINDOWS\system32;C:\WINDOWS;C:\WINDOWS\System32\Wbem;C:\WINDOWS\System32\WindowsPowerShell\v1.0;C:\WINDOWS\System32\OpenSSH;C:\Program Files\Microsoft SQL Server\Client SDK\ODBC\170\Tools\Binn;C:\Program Files\dotnet;C:\Program Files (x86)\Microsoft SQL Server\160\Tools\Binn;C:\Program Files\Microsoft SQL Server\160\Tools\Binn;C:\Program Files\Microsoft SQL Server\160\DTS\Binn;C:\Program Files (x86)\Microsoft SQL Server\160\DTS\Binn;C:\Program Files\Microsoft SQL Server\150\Tools\Binn;C:\Program Files (x86)\nodejs;C:\Program Files\Git\cmd;C:\Users\DongTrieu\AppData\Local\Microsoft\WindowsApps;C:\Program Files\Azure Data Studio\bin;C:\Users\DongTrieu\.dotnet\tools;C:\Users\DongTrieu\AppData\Roaming\npm;D:\flutter\bin;C:\Program Files\Java\jdk-20\bin;C:\Program Files\Java\jre-1.8\bin
USERNAME=DongTrieu
DISPLAY=:0.0
LC_ALL=en_US.UTF-8
TERM=xterm-256color
TMPDIR=C:\Users\DONGTR~1\AppData\Local\Temp
OS=Windows_NT
PROCESSOR_IDENTIFIER=AMD64 Family 23 Model 96 Stepping 1, AuthenticAMD
TMP=C:\Users\DONGTR~1\AppData\Local\Temp
TEMP=C:\Users\DONGTR~1\AppData\Local\Temp


JNI global refs:
JNI global refs: 0, weak refs: 0

JNI global refs memory usage: 0, weak refs: 0

OOME stack traces (most recent first):
Classloader memory used:


---------------  S Y S T E M  ---------------

OS:
 Windows 11 , 64 bit Build 22621 (10.0.22621.2506)
OS uptime: 10 days 12:06 hours

CPU: total 12 (initial active 12) (12 cores per cpu, 2 threads per core) family 23 model 96 stepping 1 microcode 0x0, cx8, cmov, fxsr, ht, mmx, 3dnowpref, sse, sse2, sse3, ssse3, sse4a, sse4.1, sse4.2, popcnt, lzcnt, tsc, tscinvbit, avx, avx2, aes, clmul, bmi1, bmi2, adx, sha, fma, vzeroupper, clflush, clflushopt

Memory: 4k page, system-wide physical 15771M (870M free)
TotalPageFile size 27771M (AvailPageFile size 162M)
current process WorkingSet (physical memory assigned to process): 11M, peak: 11M
current process commit charge ("private bytes"): 64M, peak: 312M

vm_info: OpenJDK 64-Bit Server VM (17.0.7+0-b2043.56-10550314) for windows-amd64 JRE (17.0.7+0-b2043.56-10550314), built on Jul 24 2023 18:27:45 by "androidbuild" with MS VC++ 16.10 / 16.11 (VS2019)

END.
